<?xml version="1.0" encoding="UTF-8"?>
<!-- Generated by org.testng.reporters.JUnitReportReporter -->
<testsuite hostname="LAPTOP-ITU3ENGD" failures="0" tests="1" name="Selenium_Practies.Selenium_java.Web_tables" time="46.473" errors="0" timestamp="2023-02-23T13:28:53 IST" skipped="0">
  <testcase classname="Selenium_Practies.Selenium_java.Web_tables" name="check_the_table" time="46.473"/>
  <system-out/>
</testsuite> <!-- Selenium_Practies.Selenium_java.Web_tables -->
