<?xml version="1.0" encoding="UTF-8"?>
<!-- Generated by org.testng.reporters.JUnitReportReporter -->
<testsuite hostname="LAPTOP-ITU3ENGD" failures="0" tests="1" name="Selenium_Practies.Selenium_java.Alerts_java" time="14.246" errors="0" timestamp="2023-03-04T10:50:50 IST" skipped="0">
  <testcase classname="Selenium_Practies.Selenium_java.Alerts_java" name="Scroll" time="14.246"/>
  <system-out/>
</testsuite> <!-- Selenium_Practies.Selenium_java.Alerts_java -->
