<?xml version="1.0" encoding="UTF-8"?>
<!-- Generated by org.testng.reporters.JUnitReportReporter -->
<testsuite hostname="LAPTOP-ITU3ENGD" failures="0" tests="1" name="Selenium_Practies.Selenium_java.Actions_classin_java" time="16.708" errors="0" timestamp="2023-03-06T12:06:17 IST" skipped="0">
  <testcase classname="Selenium_Practies.Selenium_java.Actions_classin_java" name="drag" time="16.708"/>
  <system-out/>
</testsuite> <!-- Selenium_Practies.Selenium_java.Actions_classin_java -->
