<?xml version="1.0" encoding="UTF-8"?>
<!-- Generated by org.testng.reporters.JUnitReportReporter -->
<testsuite hostname="LAPTOP-ITU3ENGD" failures="0" tests="1" name="Selenium_Practies.Selenium_java.Links_in_webapplication" time="7.748" errors="0" timestamp="2023-03-03T13:26:49 IST" skipped="0">
  <testcase classname="Selenium_Practies.Selenium_java.Links_in_webapplication" name="using_getattribute" time="7.748"/>
  <system-out/>
</testsuite> <!-- Selenium_Practies.Selenium_java.Links_in_webapplication -->
